<?xml version="1.0" encoding="UTF-8"?>
<testng-results ignored="0" total="2" passed="0" failed="0" skipped="2">
  <reporter-output>
  </reporter-output>
  <suite started-at="2022-12-06T14:40:27 IST" name="Default suite" finished-at="2022-12-06T14:40:30 IST" duration-ms="3040">
    <groups>
    </groups>
    <test started-at="2022-12-06T14:40:27 IST" name="Default test" finished-at="2022-12-06T14:40:30 IST" duration-ms="3040">
      <class name="Maven_demo.Register_Test">
        <test-method is-config="true" signature="browser_setup()[pri:0, instance:Maven_demo.Register_Test@294425a7]" started-at="2022-12-06T14:40:27 IST" name="browser_setup" finished-at="2022-12-06T14:40:29 IST" duration-ms="1954" status="FAIL">
          <exception class="org.openqa.selenium.SessionNotCreatedException">
            <message>
              <![CDATA[session not created: This version of ChromeDriver only supports Chrome version 106
Current browser version is 108.0.5359.71 with binary path C:\Program Files\Google\Chrome\Application\chrome.exe
Build info: version: '3.7.1', revision: '8a0099a', time: '2017-11-06T21:01:39.354Z'
System info: host: 'LAPTOP-A630U333', ip: '10.10.61.168', os.name: 'Windows 11', os.arch: 'amd64', os.version: '10.0', java.version: '18.0.1.1'
Driver info: driver.version: ChromeDriver
remote stacktrace: Backtrace:
Ordinal0 [0x00FF1ED3+2236115]
Ordinal0 [0x00F892F1+1807089]
Ordinal0 [0x00E966FD+812797]
Ordinal0 [0x00EB8C6D+953453]
Ordinal0 [0x00EB4200+934400]
Ordinal0 [0x00EB19C9+924105]
Ordinal0 [0x00EE806C+1146988]
Ordinal0 [0x00EE7A6A+1145450]
Ordinal0 [0x00EE18A6+1120422]
Ordinal0 [0x00EBA73D+960317]
Ordinal0 [0x00EBB71F+964383]
GetHandleVerifier [0x0129E7E2+2743074]
GetHandleVerifier [0x012908D4+2685972]
GetHandleVerifier [0x01082BAA+532202]
GetHandleVerifier [0x01081990+527568]
Ordinal0 [0x00F9080C+1837068]
Ordinal0 [0x00F94CD8+1854680]
Ordinal0 [0x00F94DC5+1854917]
Ordinal0 [0x00F9ED64+1895780]
BaseThreadInitThunk [0x76C96939+25]
RtlGetFullPathName_UEx [0x77EB8FD2+1218]
RtlGetFullPathName_UEx [0x77EB8F9D+1165]
]]>
            </message>
            <full-stacktrace>
              <![CDATA[org.openqa.selenium.SessionNotCreatedException: session not created: This version of ChromeDriver only supports Chrome version 106
Current browser version is 108.0.5359.71 with binary path C:\Program Files\Google\Chrome\Application\chrome.exe
Build info: version: '3.7.1', revision: '8a0099a', time: '2017-11-06T21:01:39.354Z'
System info: host: 'LAPTOP-A630U333', ip: '10.10.61.168', os.name: 'Windows 11', os.arch: 'amd64', os.version: '10.0', java.version: '18.0.1.1'
Driver info: driver.version: ChromeDriver
remote stacktrace: Backtrace:
Ordinal0 [0x00FF1ED3+2236115]
Ordinal0 [0x00F892F1+1807089]
Ordinal0 [0x00E966FD+812797]
Ordinal0 [0x00EB8C6D+953453]
Ordinal0 [0x00EB4200+934400]
Ordinal0 [0x00EB19C9+924105]
Ordinal0 [0x00EE806C+1146988]
Ordinal0 [0x00EE7A6A+1145450]
Ordinal0 [0x00EE18A6+1120422]
Ordinal0 [0x00EBA73D+960317]
Ordinal0 [0x00EBB71F+964383]
GetHandleVerifier [0x0129E7E2+2743074]
GetHandleVerifier [0x012908D4+2685972]
GetHandleVerifier [0x01082BAA+532202]
GetHandleVerifier [0x01081990+527568]
Ordinal0 [0x00F9080C+1837068]
Ordinal0 [0x00F94CD8+1854680]
Ordinal0 [0x00F94DC5+1854917]
Ordinal0 [0x00F9ED64+1895780]
BaseThreadInitThunk [0x76C96939+25]
RtlGetFullPathName_UEx [0x77EB8FD2+1218]
RtlGetFullPathName_UEx [0x77EB8F9D+1165]

at java.base/jdk.internal.reflect.DirectConstructorHandleAccessor.newInstance(DirectConstructorHandleAccessor.java:67)
at java.base/java.lang.reflect.Constructor.newInstanceWithCaller(Constructor.java:499)
at java.base/java.lang.reflect.Constructor.newInstance(Constructor.java:483)
at org.openqa.selenium.remote.W3CHandshakeResponse.lambda$new$0(W3CHandshakeResponse.java:57)
at org.openqa.selenium.remote.W3CHandshakeResponse.lambda$getResponseFunction$2(W3CHandshakeResponse.java:104)
at org.openqa.selenium.remote.ProtocolHandshake.lambda$createSession$0(ProtocolHandshake.java:123)
at java.base/java.util.stream.ReferencePipeline$3$1.accept(ReferencePipeline.java:197)
at java.base/java.util.Spliterators$ArraySpliterator.tryAdvance(Spliterators.java:1002)
at java.base/java.util.stream.ReferencePipeline.forEachWithCancel(ReferencePipeline.java:129)
at java.base/java.util.stream.AbstractPipeline.copyIntoWithCancel(AbstractPipeline.java:527)
at java.base/java.util.stream.AbstractPipeline.copyInto(AbstractPipeline.java:513)
at java.base/java.util.stream.AbstractPipeline.wrapAndCopyInto(AbstractPipeline.java:499)
at java.base/java.util.stream.FindOps$FindOp.evaluateSequential(FindOps.java:150)
at java.base/java.util.stream.AbstractPipeline.evaluate(AbstractPipeline.java:234)
at java.base/java.util.stream.ReferencePipeline.findFirst(ReferencePipeline.java:647)
at org.openqa.selenium.remote.ProtocolHandshake.createSession(ProtocolHandshake.java:126)
at org.openqa.selenium.remote.ProtocolHandshake.createSession(ProtocolHandshake.java:73)
at org.openqa.selenium.remote.HttpCommandExecutor.execute(HttpCommandExecutor.java:142)
at org.openqa.selenium.remote.service.DriverCommandExecutor.execute(DriverCommandExecutor.java:83)
at org.openqa.selenium.remote.RemoteWebDriver.execute(RemoteWebDriver.java:600)
at org.openqa.selenium.remote.RemoteWebDriver.startSession(RemoteWebDriver.java:219)
at org.openqa.selenium.remote.RemoteWebDriver.<init>(RemoteWebDriver.java:142)
at org.openqa.selenium.chrome.ChromeDriver.<init>(ChromeDriver.java:181)
at org.openqa.selenium.chrome.ChromeDriver.<init>(ChromeDriver.java:168)
at org.openqa.selenium.chrome.ChromeDriver.<init>(ChromeDriver.java:123)
at Framework_utility.Base_Test.browser_setup(Base_Test.java:16)
at java.base/jdk.internal.reflect.DirectMethodHandleAccessor.invoke(DirectMethodHandleAccessor.java:104)
at java.base/java.lang.reflect.Method.invoke(Method.java:577)
at org.testng.internal.MethodInvocationHelper.invokeMethod(MethodInvocationHelper.java:133)
at org.testng.internal.MethodInvocationHelper.invokeMethodConsideringTimeout(MethodInvocationHelper.java:62)
at org.testng.internal.ConfigInvoker.invokeConfigurationMethod(ConfigInvoker.java:385)
at org.testng.internal.ConfigInvoker.invokeConfigurations(ConfigInvoker.java:321)
at org.testng.internal.TestMethodWorker.invokeBeforeClassMethods(TestMethodWorker.java:176)
at org.testng.internal.TestMethodWorker.run(TestMethodWorker.java:122)
at java.base/java.util.ArrayList.forEach(ArrayList.java:1511)
at org.testng.TestRunner.privateRun(TestRunner.java:794)
at org.testng.TestRunner.run(TestRunner.java:596)
at org.testng.SuiteRunner.runTest(SuiteRunner.java:377)
at org.testng.SuiteRunner.runSequentially(SuiteRunner.java:371)
at org.testng.SuiteRunner.privateRun(SuiteRunner.java:332)
at org.testng.SuiteRunner.run(SuiteRunner.java:276)
at org.testng.SuiteRunnerWorker.runSuite(SuiteRunnerWorker.java:53)
at org.testng.SuiteRunnerWorker.run(SuiteRunnerWorker.java:96)
at org.testng.TestNG.runSuitesSequentially(TestNG.java:1212)
at org.testng.TestNG.runSuitesLocally(TestNG.java:1134)
at org.testng.TestNG.runSuites(TestNG.java:1063)
at org.testng.TestNG.run(TestNG.java:1031)
at org.testng.remote.AbstractRemoteTestNG.run(AbstractRemoteTestNG.java:115)
at org.testng.remote.RemoteTestNG.initAndRun(RemoteTestNG.java:251)
at org.testng.remote.RemoteTestNG.main(RemoteTestNG.java:77)
]]>
            </full-stacktrace>
          </exception> <!-- org.openqa.selenium.SessionNotCreatedException -->
          <reporter-output>
          </reporter-output>
        </test-method> <!-- browser_setup -->
        <test-method signature="register(java.lang.String,java.lang.String,java.lang.String,java.lang.String,java.lang.String)[pri:0, instance:Maven_demo.Register_Test@294425a7]" started-at="2022-12-06T14:40:30 IST" name="register" data-provider="Testdata" finished-at="2022-12-06T14:40:30 IST" duration-ms="0" status="SKIP">
          <params>
            <param index="0">
              <value>
                <![CDATA[Basavaraj]]>
              </value>
            </param>
            <param index="1">
              <value>
                <![CDATA[Parappanavar]]>
              </value>
            </param>
            <param index="2">
              <value>
                <![CDATA[bparappanavar08@gmail.com]]>
              </value>
            </param>
            <param index="3">
              <value>
                <![CDATA[Abcde]]>
              </value>
            </param>
            <param index="4">
              <value>
                <![CDATA[Abcde]]>
              </value>
            </param>
          </params>
          <exception class="org.openqa.selenium.SessionNotCreatedException">
            <message>
              <![CDATA[session not created: This version of ChromeDriver only supports Chrome version 106
Current browser version is 108.0.5359.71 with binary path C:\Program Files\Google\Chrome\Application\chrome.exe
Build info: version: '3.7.1', revision: '8a0099a', time: '2017-11-06T21:01:39.354Z'
System info: host: 'LAPTOP-A630U333', ip: '10.10.61.168', os.name: 'Windows 11', os.arch: 'amd64', os.version: '10.0', java.version: '18.0.1.1'
Driver info: driver.version: ChromeDriver
remote stacktrace: Backtrace:
Ordinal0 [0x00FF1ED3+2236115]
Ordinal0 [0x00F892F1+1807089]
Ordinal0 [0x00E966FD+812797]
Ordinal0 [0x00EB8C6D+953453]
Ordinal0 [0x00EB4200+934400]
Ordinal0 [0x00EB19C9+924105]
Ordinal0 [0x00EE806C+1146988]
Ordinal0 [0x00EE7A6A+1145450]
Ordinal0 [0x00EE18A6+1120422]
Ordinal0 [0x00EBA73D+960317]
Ordinal0 [0x00EBB71F+964383]
GetHandleVerifier [0x0129E7E2+2743074]
GetHandleVerifier [0x012908D4+2685972]
GetHandleVerifier [0x01082BAA+532202]
GetHandleVerifier [0x01081990+527568]
Ordinal0 [0x00F9080C+1837068]
Ordinal0 [0x00F94CD8+1854680]
Ordinal0 [0x00F94DC5+1854917]
Ordinal0 [0x00F9ED64+1895780]
BaseThreadInitThunk [0x76C96939+25]
RtlGetFullPathName_UEx [0x77EB8FD2+1218]
RtlGetFullPathName_UEx [0x77EB8F9D+1165]
]]>
            </message>
            <full-stacktrace>
              <![CDATA[org.openqa.selenium.SessionNotCreatedException: session not created: This version of ChromeDriver only supports Chrome version 106
Current browser version is 108.0.5359.71 with binary path C:\Program Files\Google\Chrome\Application\chrome.exe
Build info: version: '3.7.1', revision: '8a0099a', time: '2017-11-06T21:01:39.354Z'
System info: host: 'LAPTOP-A630U333', ip: '10.10.61.168', os.name: 'Windows 11', os.arch: 'amd64', os.version: '10.0', java.version: '18.0.1.1'
Driver info: driver.version: ChromeDriver
remote stacktrace: Backtrace:
Ordinal0 [0x00FF1ED3+2236115]
Ordinal0 [0x00F892F1+1807089]
Ordinal0 [0x00E966FD+812797]
Ordinal0 [0x00EB8C6D+953453]
Ordinal0 [0x00EB4200+934400]
Ordinal0 [0x00EB19C9+924105]
Ordinal0 [0x00EE806C+1146988]
Ordinal0 [0x00EE7A6A+1145450]
Ordinal0 [0x00EE18A6+1120422]
Ordinal0 [0x00EBA73D+960317]
Ordinal0 [0x00EBB71F+964383]
GetHandleVerifier [0x0129E7E2+2743074]
GetHandleVerifier [0x012908D4+2685972]
GetHandleVerifier [0x01082BAA+532202]
GetHandleVerifier [0x01081990+527568]
Ordinal0 [0x00F9080C+1837068]
Ordinal0 [0x00F94CD8+1854680]
Ordinal0 [0x00F94DC5+1854917]
Ordinal0 [0x00F9ED64+1895780]
BaseThreadInitThunk [0x76C96939+25]
RtlGetFullPathName_UEx [0x77EB8FD2+1218]
RtlGetFullPathName_UEx [0x77EB8F9D+1165]

at java.base/jdk.internal.reflect.DirectConstructorHandleAccessor.newInstance(DirectConstructorHandleAccessor.java:67)
at java.base/java.lang.reflect.Constructor.newInstanceWithCaller(Constructor.java:499)
at java.base/java.lang.reflect.Constructor.newInstance(Constructor.java:483)
at org.openqa.selenium.remote.W3CHandshakeResponse.lambda$new$0(W3CHandshakeResponse.java:57)
at org.openqa.selenium.remote.W3CHandshakeResponse.lambda$getResponseFunction$2(W3CHandshakeResponse.java:104)
at org.openqa.selenium.remote.ProtocolHandshake.lambda$createSession$0(ProtocolHandshake.java:123)
at java.base/java.util.stream.ReferencePipeline$3$1.accept(ReferencePipeline.java:197)
at java.base/java.util.Spliterators$ArraySpliterator.tryAdvance(Spliterators.java:1002)
at java.base/java.util.stream.ReferencePipeline.forEachWithCancel(ReferencePipeline.java:129)
at java.base/java.util.stream.AbstractPipeline.copyIntoWithCancel(AbstractPipeline.java:527)
at java.base/java.util.stream.AbstractPipeline.copyInto(AbstractPipeline.java:513)
at java.base/java.util.stream.AbstractPipeline.wrapAndCopyInto(AbstractPipeline.java:499)
at java.base/java.util.stream.FindOps$FindOp.evaluateSequential(FindOps.java:150)
at java.base/java.util.stream.AbstractPipeline.evaluate(AbstractPipeline.java:234)
at java.base/java.util.stream.ReferencePipeline.findFirst(ReferencePipeline.java:647)
at org.openqa.selenium.remote.ProtocolHandshake.createSession(ProtocolHandshake.java:126)
at org.openqa.selenium.remote.ProtocolHandshake.createSession(ProtocolHandshake.java:73)
at org.openqa.selenium.remote.HttpCommandExecutor.execute(HttpCommandExecutor.java:142)
at org.openqa.selenium.remote.service.DriverCommandExecutor.execute(DriverCommandExecutor.java:83)
at org.openqa.selenium.remote.RemoteWebDriver.execute(RemoteWebDriver.java:600)
at org.openqa.selenium.remote.RemoteWebDriver.startSession(RemoteWebDriver.java:219)
at org.openqa.selenium.remote.RemoteWebDriver.<init>(RemoteWebDriver.java:142)
at org.openqa.selenium.chrome.ChromeDriver.<init>(ChromeDriver.java:181)
at org.openqa.selenium.chrome.ChromeDriver.<init>(ChromeDriver.java:168)
at org.openqa.selenium.chrome.ChromeDriver.<init>(ChromeDriver.java:123)
at Framework_utility.Base_Test.browser_setup(Base_Test.java:16)
at java.base/jdk.internal.reflect.DirectMethodHandleAccessor.invoke(DirectMethodHandleAccessor.java:104)
at java.base/java.lang.reflect.Method.invoke(Method.java:577)
at org.testng.internal.MethodInvocationHelper.invokeMethod(MethodInvocationHelper.java:133)
at org.testng.internal.MethodInvocationHelper.invokeMethodConsideringTimeout(MethodInvocationHelper.java:62)
at org.testng.internal.ConfigInvoker.invokeConfigurationMethod(ConfigInvoker.java:385)
at org.testng.internal.ConfigInvoker.invokeConfigurations(ConfigInvoker.java:321)
at org.testng.internal.TestMethodWorker.invokeBeforeClassMethods(TestMethodWorker.java:176)
at org.testng.internal.TestMethodWorker.run(TestMethodWorker.java:122)
at java.base/java.util.ArrayList.forEach(ArrayList.java:1511)
at org.testng.TestRunner.privateRun(TestRunner.java:794)
at org.testng.TestRunner.run(TestRunner.java:596)
at org.testng.SuiteRunner.runTest(SuiteRunner.java:377)
at org.testng.SuiteRunner.runSequentially(SuiteRunner.java:371)
at org.testng.SuiteRunner.privateRun(SuiteRunner.java:332)
at org.testng.SuiteRunner.run(SuiteRunner.java:276)
at org.testng.SuiteRunnerWorker.runSuite(SuiteRunnerWorker.java:53)
at org.testng.SuiteRunnerWorker.run(SuiteRunnerWorker.java:96)
at org.testng.TestNG.runSuitesSequentially(TestNG.java:1212)
at org.testng.TestNG.runSuitesLocally(TestNG.java:1134)
at org.testng.TestNG.runSuites(TestNG.java:1063)
at org.testng.TestNG.run(TestNG.java:1031)
at org.testng.remote.AbstractRemoteTestNG.run(AbstractRemoteTestNG.java:115)
at org.testng.remote.RemoteTestNG.initAndRun(RemoteTestNG.java:251)
at org.testng.remote.RemoteTestNG.main(RemoteTestNG.java:77)
]]>
            </full-stacktrace>
          </exception> <!-- org.openqa.selenium.SessionNotCreatedException -->
          <reporter-output>
          </reporter-output>
        </test-method> <!-- register -->
        <test-method signature="register(java.lang.String,java.lang.String,java.lang.String,java.lang.String,java.lang.String)[pri:0, instance:Maven_demo.Register_Test@294425a7]" started-at="2022-12-06T14:40:30 IST" name="register" data-provider="Testdata" finished-at="2022-12-06T14:40:30 IST" duration-ms="0" status="SKIP">
          <params>
            <param index="0">
              <value>
                <![CDATA[Rohit]]>
              </value>
            </param>
            <param index="1">
              <value>
                <![CDATA[Sharma]]>
              </value>
            </param>
            <param index="2">
              <value>
                <![CDATA[Rohit@gmail.com]]>
              </value>
            </param>
            <param index="3">
              <value>
                <![CDATA[123456]]>
              </value>
            </param>
            <param index="4">
              <value>
                <![CDATA[123456]]>
              </value>
            </param>
          </params>
          <exception class="org.openqa.selenium.SessionNotCreatedException">
            <message>
              <![CDATA[session not created: This version of ChromeDriver only supports Chrome version 106
Current browser version is 108.0.5359.71 with binary path C:\Program Files\Google\Chrome\Application\chrome.exe
Build info: version: '3.7.1', revision: '8a0099a', time: '2017-11-06T21:01:39.354Z'
System info: host: 'LAPTOP-A630U333', ip: '10.10.61.168', os.name: 'Windows 11', os.arch: 'amd64', os.version: '10.0', java.version: '18.0.1.1'
Driver info: driver.version: ChromeDriver
remote stacktrace: Backtrace:
Ordinal0 [0x00FF1ED3+2236115]
Ordinal0 [0x00F892F1+1807089]
Ordinal0 [0x00E966FD+812797]
Ordinal0 [0x00EB8C6D+953453]
Ordinal0 [0x00EB4200+934400]
Ordinal0 [0x00EB19C9+924105]
Ordinal0 [0x00EE806C+1146988]
Ordinal0 [0x00EE7A6A+1145450]
Ordinal0 [0x00EE18A6+1120422]
Ordinal0 [0x00EBA73D+960317]
Ordinal0 [0x00EBB71F+964383]
GetHandleVerifier [0x0129E7E2+2743074]
GetHandleVerifier [0x012908D4+2685972]
GetHandleVerifier [0x01082BAA+532202]
GetHandleVerifier [0x01081990+527568]
Ordinal0 [0x00F9080C+1837068]
Ordinal0 [0x00F94CD8+1854680]
Ordinal0 [0x00F94DC5+1854917]
Ordinal0 [0x00F9ED64+1895780]
BaseThreadInitThunk [0x76C96939+25]
RtlGetFullPathName_UEx [0x77EB8FD2+1218]
RtlGetFullPathName_UEx [0x77EB8F9D+1165]
]]>
            </message>
            <full-stacktrace>
              <![CDATA[org.openqa.selenium.SessionNotCreatedException: session not created: This version of ChromeDriver only supports Chrome version 106
Current browser version is 108.0.5359.71 with binary path C:\Program Files\Google\Chrome\Application\chrome.exe
Build info: version: '3.7.1', revision: '8a0099a', time: '2017-11-06T21:01:39.354Z'
System info: host: 'LAPTOP-A630U333', ip: '10.10.61.168', os.name: 'Windows 11', os.arch: 'amd64', os.version: '10.0', java.version: '18.0.1.1'
Driver info: driver.version: ChromeDriver
remote stacktrace: Backtrace:
Ordinal0 [0x00FF1ED3+2236115]
Ordinal0 [0x00F892F1+1807089]
Ordinal0 [0x00E966FD+812797]
Ordinal0 [0x00EB8C6D+953453]
Ordinal0 [0x00EB4200+934400]
Ordinal0 [0x00EB19C9+924105]
Ordinal0 [0x00EE806C+1146988]
Ordinal0 [0x00EE7A6A+1145450]
Ordinal0 [0x00EE18A6+1120422]
Ordinal0 [0x00EBA73D+960317]
Ordinal0 [0x00EBB71F+964383]
GetHandleVerifier [0x0129E7E2+2743074]
GetHandleVerifier [0x012908D4+2685972]
GetHandleVerifier [0x01082BAA+532202]
GetHandleVerifier [0x01081990+527568]
Ordinal0 [0x00F9080C+1837068]
Ordinal0 [0x00F94CD8+1854680]
Ordinal0 [0x00F94DC5+1854917]
Ordinal0 [0x00F9ED64+1895780]
BaseThreadInitThunk [0x76C96939+25]
RtlGetFullPathName_UEx [0x77EB8FD2+1218]
RtlGetFullPathName_UEx [0x77EB8F9D+1165]

at java.base/jdk.internal.reflect.DirectConstructorHandleAccessor.newInstance(DirectConstructorHandleAccessor.java:67)
at java.base/java.lang.reflect.Constructor.newInstanceWithCaller(Constructor.java:499)
at java.base/java.lang.reflect.Constructor.newInstance(Constructor.java:483)
at org.openqa.selenium.remote.W3CHandshakeResponse.lambda$new$0(W3CHandshakeResponse.java:57)
at org.openqa.selenium.remote.W3CHandshakeResponse.lambda$getResponseFunction$2(W3CHandshakeResponse.java:104)
at org.openqa.selenium.remote.ProtocolHandshake.lambda$createSession$0(ProtocolHandshake.java:123)
at java.base/java.util.stream.ReferencePipeline$3$1.accept(ReferencePipeline.java:197)
at java.base/java.util.Spliterators$ArraySpliterator.tryAdvance(Spliterators.java:1002)
at java.base/java.util.stream.ReferencePipeline.forEachWithCancel(ReferencePipeline.java:129)
at java.base/java.util.stream.AbstractPipeline.copyIntoWithCancel(AbstractPipeline.java:527)
at java.base/java.util.stream.AbstractPipeline.copyInto(AbstractPipeline.java:513)
at java.base/java.util.stream.AbstractPipeline.wrapAndCopyInto(AbstractPipeline.java:499)
at java.base/java.util.stream.FindOps$FindOp.evaluateSequential(FindOps.java:150)
at java.base/java.util.stream.AbstractPipeline.evaluate(AbstractPipeline.java:234)
at java.base/java.util.stream.ReferencePipeline.findFirst(ReferencePipeline.java:647)
at org.openqa.selenium.remote.ProtocolHandshake.createSession(ProtocolHandshake.java:126)
at org.openqa.selenium.remote.ProtocolHandshake.createSession(ProtocolHandshake.java:73)
at org.openqa.selenium.remote.HttpCommandExecutor.execute(HttpCommandExecutor.java:142)
at org.openqa.selenium.remote.service.DriverCommandExecutor.execute(DriverCommandExecutor.java:83)
at org.openqa.selenium.remote.RemoteWebDriver.execute(RemoteWebDriver.java:600)
at org.openqa.selenium.remote.RemoteWebDriver.startSession(RemoteWebDriver.java:219)
at org.openqa.selenium.remote.RemoteWebDriver.<init>(RemoteWebDriver.java:142)
at org.openqa.selenium.chrome.ChromeDriver.<init>(ChromeDriver.java:181)
at org.openqa.selenium.chrome.ChromeDriver.<init>(ChromeDriver.java:168)
at org.openqa.selenium.chrome.ChromeDriver.<init>(ChromeDriver.java:123)
at Framework_utility.Base_Test.browser_setup(Base_Test.java:16)
at java.base/jdk.internal.reflect.DirectMethodHandleAccessor.invoke(DirectMethodHandleAccessor.java:104)
at java.base/java.lang.reflect.Method.invoke(Method.java:577)
at org.testng.internal.MethodInvocationHelper.invokeMethod(MethodInvocationHelper.java:133)
at org.testng.internal.MethodInvocationHelper.invokeMethodConsideringTimeout(MethodInvocationHelper.java:62)
at org.testng.internal.ConfigInvoker.invokeConfigurationMethod(ConfigInvoker.java:385)
at org.testng.internal.ConfigInvoker.invokeConfigurations(ConfigInvoker.java:321)
at org.testng.internal.TestMethodWorker.invokeBeforeClassMethods(TestMethodWorker.java:176)
at org.testng.internal.TestMethodWorker.run(TestMethodWorker.java:122)
at java.base/java.util.ArrayList.forEach(ArrayList.java:1511)
at org.testng.TestRunner.privateRun(TestRunner.java:794)
at org.testng.TestRunner.run(TestRunner.java:596)
at org.testng.SuiteRunner.runTest(SuiteRunner.java:377)
at org.testng.SuiteRunner.runSequentially(SuiteRunner.java:371)
at org.testng.SuiteRunner.privateRun(SuiteRunner.java:332)
at org.testng.SuiteRunner.run(SuiteRunner.java:276)
at org.testng.SuiteRunnerWorker.runSuite(SuiteRunnerWorker.java:53)
at org.testng.SuiteRunnerWorker.run(SuiteRunnerWorker.java:96)
at org.testng.TestNG.runSuitesSequentially(TestNG.java:1212)
at org.testng.TestNG.runSuitesLocally(TestNG.java:1134)
at org.testng.TestNG.runSuites(TestNG.java:1063)
at org.testng.TestNG.run(TestNG.java:1031)
at org.testng.remote.AbstractRemoteTestNG.run(AbstractRemoteTestNG.java:115)
at org.testng.remote.RemoteTestNG.initAndRun(RemoteTestNG.java:251)
at org.testng.remote.RemoteTestNG.main(RemoteTestNG.java:77)
]]>
            </full-stacktrace>
          </exception> <!-- org.openqa.selenium.SessionNotCreatedException -->
          <reporter-output>
          </reporter-output>
        </test-method> <!-- register -->
        <test-method is-config="true" signature="teardown()[pri:0, instance:Maven_demo.Register_Test@294425a7]" started-at="2022-12-06T14:40:30 IST" name="teardown" finished-at="1970-01-01T05:30:00 IST" duration-ms="-1670317830651" status="SKIP">
          <reporter-output>
          </reporter-output>
        </test-method> <!-- teardown -->
      </class> <!-- Maven_demo.Register_Test -->
    </test> <!-- Default test -->
  </suite> <!-- Default suite -->
</testng-results>
